<?xml version="1.0" encoding="UTF-8"?>
<testng-results ignored="0" total="0" passed="0" failed="0" skipped="0">
  <reporter-output>
  </reporter-output>
  <suite started-at="2022-05-13T10:43:26 BOT" name="mainScripts.Tests" finished-at="2022-05-13T10:43:26 BOT" duration-ms="8">
    <groups>
    </groups>
    <test started-at="2022-05-13T10:43:26 BOT" name="Command line test" finished-at="2022-05-13T10:43:26 BOT" duration-ms="8">
    </test> <!-- Command line test -->
  </suite> <!-- mainScripts.Tests -->
</testng-results>
